<?xml version="1.0" encoding="UTF-8"?>
<!-- Generated by org.testng.reporters.JUnitReportReporter -->
<testsuite hostname="NGBLR-01138" failures="0" tests="1" name="tests.MovieInfoValidation" time="34.049" errors="0" timestamp="2022-05-08T16:58:36 IST" skipped="0">
  <testcase classname="tests.MovieInfoValidation" name="validateMovie" time="34.049"/>
  <system-out/>
</testsuite> <!-- tests.MovieInfoValidation -->
